{
  "stats": {
    "suites": 1,
    "tests": 2,
    "passes": 2,
    "pending": 0,
    "failures": 0,
    "start": "2024-11-06T14:09:08.874Z",
    "end": "2024-11-06T14:09:09.887Z",
    "duration": 1013,
    "testsRegistered": 2,
    "passPercent": 100,
    "pendingPercent": 0,
    "other": 0,
    "hasOther": false,
    "skipped": 0,
    "hasSkipped": false
  },
  "results": [
    {
      "uuid": "9a1d8536-176a-464b-883d-e8dbcee834bc",
      "title": "",
      "fullFile": "C:\\Users\\Patrycja\\Documents\\Repos\\TestWarez\\tests\\api.test.js",
      "file": "\\tests\\api.test.js",
      "beforeHooks": [],
      "afterHooks": [],
      "tests": [],
      "suites": [
        {
          "uuid": "7a802c53-efb6-4023-9d9e-c7ca1b8d33a9",
          "title": "Api tests",
          "fullFile": "C:\\Users\\Patrycja\\Documents\\Repos\\TestWarez\\tests\\api.test.js",
          "file": "\\tests\\api.test.js",
          "beforeHooks": [],
          "afterHooks": [],
          "tests": [
            {
              "title": "Generate Token",
              "fullTitle": "Api tests Generate Token",
              "timedOut": false,
              "duration": 986,
              "state": "passed",
              "speed": "slow",
              "pass": true,
              "fail": false,
              "pending": false,
              "context": null,
              "code": "const response = await spec()\n  .post(`${baseURL}/Account/v1/GenerateToken`)\n  .withBody({\n    userName: user,\n    password: password,\n  })\n  .inspect();\ntoken_response = response.body.token;\nconsole.log(token_response);\nexpect(response.statusCode).to.eql(200);\nexpect(response.body.result).to.eql(\"User authorized successfully.\");",
              "err": {},
              "uuid": "31cf729e-d2ec-4171-8dd5-bb1f049d27df",
              "parentUUID": "7a802c53-efb6-4023-9d9e-c7ca1b8d33a9",
              "isHook": false,
              "skipped": false
            },
            {
              "title": "check token",
              "fullTitle": "Api tests check token",
              "timedOut": false,
              "duration": 2,
              "state": "passed",
              "speed": "fast",
              "pass": true,
              "fail": false,
              "pending": false,
              "context": null,
              "code": "console.log(\"another it block\" + token_response);",
              "err": {},
              "uuid": "f3c8616f-2140-4c36-bf20-6276fa10e162",
              "parentUUID": "7a802c53-efb6-4023-9d9e-c7ca1b8d33a9",
              "isHook": false,
              "skipped": false
            }
          ],
          "suites": [],
          "passes": [
            "31cf729e-d2ec-4171-8dd5-bb1f049d27df",
            "f3c8616f-2140-4c36-bf20-6276fa10e162"
          ],
          "failures": [],
          "pending": [],
          "skipped": [],
          "duration": 988,
          "root": false,
          "rootEmpty": false,
          "_timeout": 10000
        }
      ],
      "passes": [],
      "failures": [],
      "pending": [],
      "skipped": [],
      "duration": 0,
      "root": true,
      "rootEmpty": true,
      "_timeout": 10000
    }
  ],
  "meta": {
    "mocha": {
      "version": "10.8.2"
    },
    "mochawesome": {
      "options": {
        "quiet": false,
        "reportFilename": "mochawesome",
        "saveHtml": true,
        "saveJson": true,
        "consoleReporter": "spec",
        "useInlineDiffs": false,
        "code": true
      },
      "version": "7.1.3"
    },
    "marge": {
      "options": null,
      "version": "6.2.0"
    }
  }
}